1768183063.340476 client started (4435): version 3.6a, socket /tmp/tmux-1001/default, protocol 8
1768183063.340550 on Linux 6.18.4-arch1-1 #1 SMP PREEMPT_DYNAMIC Fri, 09 Jan 2026 19:43:48 +0000
1768183063.340562 using libevent 2.1.12-stable poll
1768183063.340571 using ncurses 6.5 20240427
1768183063.340637 flags are 0x18010000
1768183063.340669 socket is /tmp/tmux-1001/default
1768183063.340733 trying connect
1768183063.340800 connect failed: No such file or directory
1768183063.340830 lock file is /tmp/tmux-1001/default.lock
1768183063.340877 flock succeeded
1768183063.340885 got lock (6)
1768183063.340927 trying connect
1768183063.340956 connect failed: No such file or directory
1768183063.341801 add peer 0x55c92cd690d0: 7 ((nil))
1768183063.343304 sending message 111 to peer 0x55c92cd690d0 (8 bytes)
1768183063.343358 sending message 111 to peer 0x55c92cd690d0 (8 bytes)
1768183063.343380 sending message 101 to peer 0x55c92cd690d0 (12 bytes)
1768183063.343399 sending message 109 to peer 0x55c92cd690d0 (4 bytes)
1768183063.343414 sending message 102 to peer 0x55c92cd690d0 (11 bytes)
1768183063.343426 sending message 108 to peer 0x55c92cd690d0 (26 bytes)
1768183063.343441 sending message 112 to peer 0x55c92cd690d0 (70 bytes)
1768183063.343453 sending message 112 to peer 0x55c92cd690d0 (5 bytes)
1768183063.343464 sending message 112 to peer 0x55c92cd690d0 (6 bytes)
1768183063.343476 sending message 112 to peer 0x55c92cd690d0 (6 bytes)
1768183063.343487 sending message 112 to peer 0x55c92cd690d0 (10 bytes)
1768183063.343500 sending message 112 to peer 0x55c92cd690d0 (13 bytes)
1768183063.343511 sending message 112 to peer 0x55c92cd690d0 (14 bytes)
1768183063.343524 sending message 112 to peer 0x55c92cd690d0 (19 bytes)
1768183063.343535 sending message 112 to peer 0x55c92cd690d0 (11 bytes)
1768183063.343547 sending message 112 to peer 0x55c92cd690d0 (10 bytes)
1768183063.343560 sending message 112 to peer 0x55c92cd690d0 (15 bytes)
1768183063.343573 sending message 112 to peer 0x55c92cd690d0 (21 bytes)
1768183063.343585 sending message 112 to peer 0x55c92cd690d0 (13 bytes)
1768183063.343598 sending message 112 to peer 0x55c92cd690d0 (7 bytes)
1768183063.343609 sending message 112 to peer 0x55c92cd690d0 (13 bytes)
1768183063.343622 sending message 112 to peer 0x55c92cd690d0 (7 bytes)
1768183063.343635 sending message 112 to peer 0x55c92cd690d0 (13 bytes)
1768183063.343647 sending message 112 to peer 0x55c92cd690d0 (9 bytes)
1768183063.343658 sending message 112 to peer 0x55c92cd690d0 (21 bytes)
1768183063.343672 sending message 112 to peer 0x55c92cd690d0 (13 bytes)
1768183063.343685 sending message 112 to peer 0x55c92cd690d0 (9 bytes)
1768183063.343741 sending message 112 to peer 0x55c92cd690d0 (16 bytes)
1768183063.343763 sending message 112 to peer 0x55c92cd690d0 (13 bytes)
1768183063.343777 sending message 112 to peer 0x55c92cd690d0 (9 bytes)
1768183063.343790 sending message 112 to peer 0x55c92cd690d0 (9 bytes)
1768183063.343802 sending message 112 to peer 0x55c92cd690d0 (12 bytes)
1768183063.343815 sending message 112 to peer 0x55c92cd690d0 (8 bytes)
1768183063.343827 sending message 112 to peer 0x55c92cd690d0 (13 bytes)
1768183063.343839 sending message 112 to peer 0x55c92cd690d0 (7 bytes)
1768183063.343851 sending message 112 to peer 0x55c92cd690d0 (7 bytes)
1768183063.343863 sending message 112 to peer 0x55c92cd690d0 (9 bytes)
1768183063.343875 sending message 112 to peer 0x55c92cd690d0 (6 bytes)
1768183063.343887 sending message 112 to peer 0x55c92cd690d0 (9 bytes)
1768183063.343899 sending message 112 to peer 0x55c92cd690d0 (15 bytes)
1768183063.343912 sending message 112 to peer 0x55c92cd690d0 (13 bytes)
1768183063.343925 sending message 112 to peer 0x55c92cd690d0 (12 bytes)
1768183063.343938 sending message 112 to peer 0x55c92cd690d0 (8 bytes)
1768183063.343951 sending message 112 to peer 0x55c92cd690d0 (14 bytes)
1768183063.343964 sending message 112 to peer 0x55c92cd690d0 (9 bytes)
1768183063.343976 sending message 112 to peer 0x55c92cd690d0 (10 bytes)
1768183063.343987 sending message 112 to peer 0x55c92cd690d0 (10 bytes)
1768183063.344029 sending message 112 to peer 0x55c92cd690d0 (10 bytes)
1768183063.344043 sending message 112 to peer 0x55c92cd690d0 (10 bytes)
1768183063.344055 sending message 112 to peer 0x55c92cd690d0 (11 bytes)
1768183063.344066 sending message 112 to peer 0x55c92cd690d0 (12 bytes)
1768183063.344078 sending message 112 to peer 0x55c92cd690d0 (12 bytes)
1768183063.344089 sending message 112 to peer 0x55c92cd690d0 (12 bytes)
1768183063.344101 sending message 112 to peer 0x55c92cd690d0 (12 bytes)
1768183063.344113 sending message 112 to peer 0x55c92cd690d0 (12 bytes)
1768183063.344125 sending message 112 to peer 0x55c92cd690d0 (11 bytes)
1768183063.344137 sending message 112 to peer 0x55c92cd690d0 (11 bytes)
1768183063.344149 sending message 112 to peer 0x55c92cd690d0 (12 bytes)
1768183063.344164 sending message 112 to peer 0x55c92cd690d0 (12 bytes)
1768183063.344178 sending message 112 to peer 0x55c92cd690d0 (12 bytes)
1768183063.344192 sending message 112 to peer 0x55c92cd690d0 (12 bytes)
1768183063.344205 sending message 112 to peer 0x55c92cd690d0 (12 bytes)
1768183063.344219 sending message 112 to peer 0x55c92cd690d0 (9 bytes)
1768183063.344234 sending message 112 to peer 0x55c92cd690d0 (12 bytes)
1768183063.344251 sending message 112 to peer 0x55c92cd690d0 (13 bytes)
1768183063.344263 sending message 112 to peer 0x55c92cd690d0 (13 bytes)
1768183063.344275 sending message 112 to peer 0x55c92cd690d0 (13 bytes)
1768183063.344286 sending message 112 to peer 0x55c92cd690d0 (13 bytes)
1768183063.344299 sending message 112 to peer 0x55c92cd690d0 (13 bytes)
1768183063.344310 sending message 112 to peer 0x55c92cd690d0 (8 bytes)
1768183063.344323 sending message 112 to peer 0x55c92cd690d0 (11 bytes)
1768183063.344335 sending message 112 to peer 0x55c92cd690d0 (11 bytes)
1768183063.344348 sending message 112 to peer 0x55c92cd690d0 (11 bytes)
1768183063.344360 sending message 112 to peer 0x55c92cd690d0 (12 bytes)
1768183063.344372 sending message 112 to peer 0x55c92cd690d0 (12 bytes)
1768183063.344385 sending message 112 to peer 0x55c92cd690d0 (13 bytes)
1768183063.344397 sending message 112 to peer 0x55c92cd690d0 (12 bytes)
1768183063.344409 sending message 112 to peer 0x55c92cd690d0 (13 bytes)
1768183063.344421 sending message 112 to peer 0x55c92cd690d0 (13 bytes)
1768183063.344435 sending message 112 to peer 0x55c92cd690d0 (13 bytes)
1768183063.344447 sending message 112 to peer 0x55c92cd690d0 (8 bytes)
1768183063.344460 sending message 112 to peer 0x55c92cd690d0 (13 bytes)
1768183063.344473 sending message 112 to peer 0x55c92cd690d0 (13 bytes)
1768183063.344487 sending message 112 to peer 0x55c92cd690d0 (13 bytes)
1768183063.344500 sending message 112 to peer 0x55c92cd690d0 (13 bytes)
1768183063.344514 sending message 112 to peer 0x55c92cd690d0 (13 bytes)
1768183063.344528 sending message 112 to peer 0x55c92cd690d0 (12 bytes)
1768183063.344541 sending message 112 to peer 0x55c92cd690d0 (12 bytes)
1768183063.344554 sending message 112 to peer 0x55c92cd690d0 (13 bytes)
1768183063.344568 sending message 112 to peer 0x55c92cd690d0 (12 bytes)
1768183063.344581 sending message 112 to peer 0x55c92cd690d0 (13 bytes)
1768183063.344594 sending message 112 to peer 0x55c92cd690d0 (8 bytes)
1768183063.344608 sending message 112 to peer 0x55c92cd690d0 (13 bytes)
1768183063.344625 sending message 112 to peer 0x55c92cd690d0 (13 bytes)
1768183063.344641 sending message 112 to peer 0x55c92cd690d0 (13 bytes)
1768183063.344653 sending message 112 to peer 0x55c92cd690d0 (13 bytes)
1768183063.344668 sending message 112 to peer 0x55c92cd690d0 (13 bytes)
1768183063.344684 sending message 112 to peer 0x55c92cd690d0 (13 bytes)
1768183063.344727 sending message 112 to peer 0x55c92cd690d0 (13 bytes)
1768183063.344756 sending message 112 to peer 0x55c92cd690d0 (12 bytes)
1768183063.344775 sending message 112 to peer 0x55c92cd690d0 (12 bytes)
1768183063.344795 sending message 112 to peer 0x55c92cd690d0 (13 bytes)
1768183063.344812 sending message 112 to peer 0x55c92cd690d0 (8 bytes)
1768183063.344820 sending message 112 to peer 0x55c92cd690d0 (12 bytes)
1768183063.344844 sending message 112 to peer 0x55c92cd690d0 (13 bytes)
1768183063.344853 sending message 112 to peer 0x55c92cd690d0 (13 bytes)
1768183063.344861 sending message 112 to peer 0x55c92cd690d0 (13 bytes)
1768183063.344869 sending message 112 to peer 0x55c92cd690d0 (13 bytes)
1768183063.344877 sending message 112 to peer 0x55c92cd690d0 (13 bytes)
1768183063.344885 sending message 112 to peer 0x55c92cd690d0 (13 bytes)
1768183063.344893 sending message 112 to peer 0x55c92cd690d0 (13 bytes)
1768183063.344901 sending message 112 to peer 0x55c92cd690d0 (13 bytes)
1768183063.344908 sending message 112 to peer 0x55c92cd690d0 (12 bytes)
1768183063.344916 sending message 112 to peer 0x55c92cd690d0 (10 bytes)
1768183063.344924 sending message 112 to peer 0x55c92cd690d0 (12 bytes)
1768183063.344932 sending message 112 to peer 0x55c92cd690d0 (13 bytes)
1768183063.344940 sending message 112 to peer 0x55c92cd690d0 (12 bytes)
1768183063.344948 sending message 112 to peer 0x55c92cd690d0 (13 bytes)
1768183063.344956 sending message 112 to peer 0x55c92cd690d0 (13 bytes)
1768183063.344964 sending message 112 to peer 0x55c92cd690d0 (13 bytes)
1768183063.344972 sending message 112 to peer 0x55c92cd690d0 (13 bytes)
1768183063.344980 sending message 112 to peer 0x55c92cd690d0 (13 bytes)
1768183063.344988 sending message 112 to peer 0x55c92cd690d0 (13 bytes)
1768183063.344996 sending message 112 to peer 0x55c92cd690d0 (13 bytes)
1768183063.345005 sending message 112 to peer 0x55c92cd690d0 (10 bytes)
1768183063.345024 sending message 112 to peer 0x55c92cd690d0 (13 bytes)
1768183063.345043 sending message 112 to peer 0x55c92cd690d0 (12 bytes)
1768183063.345056 sending message 112 to peer 0x55c92cd690d0 (12 bytes)
1768183063.345069 sending message 112 to peer 0x55c92cd690d0 (13 bytes)
1768183063.345081 sending message 112 to peer 0x55c92cd690d0 (10 bytes)
1768183063.345093 sending message 112 to peer 0x55c92cd690d0 (10 bytes)
1768183063.345103 sending message 112 to peer 0x55c92cd690d0 (10 bytes)
1768183063.345115 sending message 112 to peer 0x55c92cd690d0 (12 bytes)
1768183063.345127 sending message 112 to peer 0x55c92cd690d0 (13 bytes)
1768183063.345139 sending message 112 to peer 0x55c92cd690d0 (13 bytes)
1768183063.345151 sending message 112 to peer 0x55c92cd690d0 (13 bytes)
1768183063.345163 sending message 112 to peer 0x55c92cd690d0 (13 bytes)
1768183063.345176 sending message 112 to peer 0x55c92cd690d0 (13 bytes)
1768183063.345188 sending message 112 to peer 0x55c92cd690d0 (10 bytes)
1768183063.345200 sending message 112 to peer 0x55c92cd690d0 (11 bytes)
1768183063.345212 sending message 112 to peer 0x55c92cd690d0 (12 bytes)
1768183063.345224 sending message 112 to peer 0x55c92cd690d0 (12 bytes)
1768183063.345236 sending message 112 to peer 0x55c92cd690d0 (12 bytes)
1768183063.345248 sending message 112 to peer 0x55c92cd690d0 (12 bytes)
1768183063.345261 sending message 112 to peer 0x55c92cd690d0 (12 bytes)
1768183063.345273 sending message 112 to peer 0x55c92cd690d0 (11 bytes)
1768183063.345285 sending message 112 to peer 0x55c92cd690d0 (12 bytes)
1768183063.345302 sending message 112 to peer 0x55c92cd690d0 (12 bytes)
1768183063.345314 sending message 112 to peer 0x55c92cd690d0 (13 bytes)
1768183063.345327 sending message 112 to peer 0x55c92cd690d0 (13 bytes)
1768183063.345339 sending message 112 to peer 0x55c92cd690d0 (13 bytes)
1768183063.345351 sending message 112 to peer 0x55c92cd690d0 (13 bytes)
1768183063.345363 sending message 112 to peer 0x55c92cd690d0 (13 bytes)
1768183063.345374 sending message 112 to peer 0x55c92cd690d0 (10 bytes)
1768183063.345386 sending message 112 to peer 0x55c92cd690d0 (9 bytes)
1768183063.345398 sending message 112 to peer 0x55c92cd690d0 (12 bytes)
1768183063.345411 sending message 112 to peer 0x55c92cd690d0 (13 bytes)
1768183063.345423 sending message 112 to peer 0x55c92cd690d0 (13 bytes)
1768183063.345434 sending message 112 to peer 0x55c92cd690d0 (13 bytes)
1768183063.345447 sending message 112 to peer 0x55c92cd690d0 (13 bytes)
1768183063.345460 sending message 112 to peer 0x55c92cd690d0 (13 bytes)
1768183063.345491 sending message 112 to peer 0x55c92cd690d0 (9 bytes)
1768183063.345504 sending message 112 to peer 0x55c92cd690d0 (12 bytes)
1768183063.345518 sending message 112 to peer 0x55c92cd690d0 (13 bytes)
1768183063.345530 sending message 112 to peer 0x55c92cd690d0 (13 bytes)
1768183063.345542 sending message 112 to peer 0x55c92cd690d0 (13 bytes)
1768183063.345555 sending message 112 to peer 0x55c92cd690d0 (13 bytes)
1768183063.345568 sending message 112 to peer 0x55c92cd690d0 (13 bytes)
1768183063.345580 sending message 112 to peer 0x55c92cd690d0 (11 bytes)
1768183063.345592 sending message 112 to peer 0x55c92cd690d0 (12 bytes)
1768183063.345604 sending message 112 to peer 0x55c92cd690d0 (13 bytes)
1768183063.345616 sending message 112 to peer 0x55c92cd690d0 (13 bytes)
1768183063.345629 sending message 112 to peer 0x55c92cd690d0 (13 bytes)
1768183063.345642 sending message 112 to peer 0x55c92cd690d0 (13 bytes)
1768183063.345655 sending message 112 to peer 0x55c92cd690d0 (13 bytes)
1768183063.345667 sending message 112 to peer 0x55c92cd690d0 (11 bytes)
1768183063.345679 sending message 112 to peer 0x55c92cd690d0 (12 bytes)
1768183063.345718 sending message 112 to peer 0x55c92cd690d0 (12 bytes)
1768183063.345746 sending message 112 to peer 0x55c92cd690d0 (12 bytes)
1768183063.345759 sending message 112 to peer 0x55c92cd690d0 (12 bytes)
1768183063.345771 sending message 112 to peer 0x55c92cd690d0 (12 bytes)
1768183063.345785 sending message 112 to peer 0x55c92cd690d0 (22 bytes)
1768183063.345804 sending message 112 to peer 0x55c92cd690d0 (12 bytes)
1768183063.345821 sending message 112 to peer 0x55c92cd690d0 (9 bytes)
1768183063.345834 sending message 112 to peer 0x55c92cd690d0 (6 bytes)
1768183063.345848 sending message 112 to peer 0x55c92cd690d0 (13 bytes)
1768183063.345858 sending message 112 to peer 0x55c92cd690d0 (10 bytes)
1768183063.345870 sending message 112 to peer 0x55c92cd690d0 (15 bytes)
1768183063.345882 sending message 112 to peer 0x55c92cd690d0 (11 bytes)
1768183063.345894 sending message 112 to peer 0x55c92cd690d0 (9 bytes)
1768183063.345906 sending message 112 to peer 0x55c92cd690d0 (70 bytes)
1768183063.345917 sending message 112 to peer 0x55c92cd690d0 (69 bytes)
1768183063.345930 sending message 112 to peer 0x55c92cd690d0 (34 bytes)
1768183063.345943 sending message 112 to peer 0x55c92cd690d0 (34 bytes)
1768183063.345956 sending message 112 to peer 0x55c92cd690d0 (69 bytes)
1768183063.345968 sending message 112 to peer 0x55c92cd690d0 (12 bytes)
1768183063.345980 sending message 112 to peer 0x55c92cd690d0 (10 bytes)
1768183063.345991 sending message 112 to peer 0x55c92cd690d0 (10 bytes)
1768183063.346003 sending message 112 to peer 0x55c92cd690d0 (15 bytes)
1768183063.346017 sending message 112 to peer 0x55c92cd690d0 (11 bytes)
1768183063.346030 sending message 112 to peer 0x55c92cd690d0 (10 bytes)
1768183063.346043 sending message 112 to peer 0x55c92cd690d0 (10 bytes)
1768183063.346057 sending message 112 to peer 0x55c92cd690d0 (17 bytes)
1768183063.346070 sending message 112 to peer 0x55c92cd690d0 (10 bytes)
1768183063.346083 sending message 112 to peer 0x55c92cd690d0 (13 bytes)
1768183063.346096 sending message 112 to peer 0x55c92cd690d0 (17 bytes)
1768183063.346108 sending message 112 to peer 0x55c92cd690d0 (5 bytes)
1768183063.346120 sending message 112 to peer 0x55c92cd690d0 (9 bytes)
1768183063.346133 sending message 112 to peer 0x55c92cd690d0 (15 bytes)
1768183063.346150 sending message 104 to peer 0x55c92cd690d0 (0 bytes)
1768183063.346165 sending message 110 to peer 0x55c92cd690d0 (0 bytes)
1768183063.346182 sending message 107 to peer 0x55c92cd690d0 (4 bytes)
1768183063.346194 sending message 105 to peer 0x55c92cd690d0 (16 bytes)
1768183063.346205 sending message 105 to peer 0x55c92cd690d0 (20 bytes)
1768183063.346218 sending message 105 to peer 0x55c92cd690d0 (38 bytes)
1768183063.346230 sending message 105 to peer 0x55c92cd690d0 (58 bytes)
1768183063.346243 sending message 105 to peer 0x55c92cd690d0 (61 bytes)
1768183063.346255 sending message 105 to peer 0x55c92cd690d0 (20 bytes)
1768183063.346286 sending message 105 to peer 0x55c92cd690d0 (25 bytes)
1768183063.346299 sending message 105 to peer 0x55c92cd690d0 (15 bytes)
1768183063.346313 sending message 105 to peer 0x55c92cd690d0 (64 bytes)
1768183063.346325 sending message 105 to peer 0x55c92cd690d0 (16 bytes)
1768183063.346338 sending message 105 to peer 0x55c92cd690d0 (15 bytes)
1768183063.346349 sending message 105 to peer 0x55c92cd690d0 (30 bytes)
1768183063.346362 sending message 105 to peer 0x55c92cd690d0 (15 bytes)
1768183063.346375 sending message 105 to peer 0x55c92cd690d0 (29 bytes)
1768183063.346386 sending message 105 to peer 0x55c92cd690d0 (27 bytes)
1768183063.346399 sending message 105 to peer 0x55c92cd690d0 (25 bytes)
1768183063.346412 sending message 105 to peer 0x55c92cd690d0 (60 bytes)
1768183063.346424 sending message 105 to peer 0x55c92cd690d0 (15 bytes)
1768183063.346437 sending message 105 to peer 0x55c92cd690d0 (18 bytes)
1768183063.346449 sending message 105 to peer 0x55c92cd690d0 (17 bytes)
1768183063.346461 sending message 105 to peer 0x55c92cd690d0 (30 bytes)
1768183063.346472 sending message 105 to peer 0x55c92cd690d0 (29 bytes)
1768183063.346485 sending message 105 to peer 0x55c92cd690d0 (26 bytes)
1768183063.346496 sending message 105 to peer 0x55c92cd690d0 (18 bytes)
1768183063.346508 sending message 105 to peer 0x55c92cd690d0 (52 bytes)
1768183063.346519 sending message 105 to peer 0x55c92cd690d0 (26 bytes)
1768183063.346531 sending message 105 to peer 0x55c92cd690d0 (23 bytes)
1768183063.346543 sending message 105 to peer 0x55c92cd690d0 (33 bytes)
1768183063.346555 sending message 105 to peer 0x55c92cd690d0 (17 bytes)
1768183063.346568 sending message 105 to peer 0x55c92cd690d0 (12 bytes)
1768183063.346580 sending message 105 to peer 0x55c92cd690d0 (90 bytes)
1768183063.346593 sending message 105 to peer 0x55c92cd690d0 (20 bytes)
1768183063.346606 sending message 105 to peer 0x55c92cd690d0 (11 bytes)
1768183063.346618 sending message 105 to peer 0x55c92cd690d0 (8 bytes)
1768183063.346630 sending message 105 to peer 0x55c92cd690d0 (14 bytes)
1768183063.346642 sending message 105 to peer 0x55c92cd690d0 (21 bytes)
1768183063.346655 sending message 105 to peer 0x55c92cd690d0 (11 bytes)
1768183063.346667 sending message 105 to peer 0x55c92cd690d0 (17 bytes)
1768183063.346680 sending message 105 to peer 0x55c92cd690d0 (31 bytes)
1768183063.346720 sending message 105 to peer 0x55c92cd690d0 (50 bytes)
1768183063.346748 sending message 105 to peer 0x55c92cd690d0 (173 bytes)
1768183063.346761 sending message 105 to peer 0x55c92cd690d0 (54 bytes)
1768183063.346773 sending message 105 to peer 0x55c92cd690d0 (52 bytes)
1768183063.346785 sending message 105 to peer 0x55c92cd690d0 (28 bytes)
1768183063.346798 sending message 105 to peer 0x55c92cd690d0 (38 bytes)
1768183063.346811 sending message 105 to peer 0x55c92cd690d0 (19 bytes)
1768183063.346823 sending message 105 to peer 0x55c92cd690d0 (20 bytes)
1768183063.346836 sending message 105 to peer 0x55c92cd690d0 (16 bytes)
1768183063.346849 sending message 106 to peer 0x55c92cd690d0 (0 bytes)
1768183063.347121 sending message 200 to peer 0x55c92cd690d0 (4 bytes)
1768183063.347141 client loop enter
1768183063.347200 client_signal: Child exited
1768183063.390111 peer 0x55c92cd690d0 message 207
1768183063.390123 sending message 208 to peer 0x55c92cd690d0 (0 bytes)
1768183067.206528 peer 0x55c92cd690d0 message 203
1768183067.206569 sending message 205 to peer 0x55c92cd690d0 (0 bytes)
1768183067.207313 peer 0x55c92cd690d0 message 204
1768183067.207348 client loop exit
